<?xml version="1.0" encoding="UTF-8" ?>
<testsuites name="vitest tests" tests="3" failures="3" errors="0" time="22.452">
    <testsuite name="__tests__/integration/selenium/selenium.test.js" timestamp="2024-05-29T09:44:56.957Z" hostname="Sumsam" tests="3" failures="3" errors="0" skipped="0" time="21.503">
        <testcase classname="__tests__/integration/selenium/selenium.test.js" name="loads signup page" time="5.015">
            <failure message="Test timed out in 5000ms.
If this is a long-running test, pass a timeout value as the last argument or configure it globally with &quot;testTimeout&quot;." type="Error">
Error: Test timed out in 5000ms.
If this is a long-running test, pass a timeout value as the last argument or configure it globally with &quot;testTimeout&quot;.
            </failure>
        </testcase>
        <testcase classname="__tests__/integration/selenium/selenium.test.js" name="signup with valid credentials" time="5.015">
            <failure message="Test timed out in 5000ms.
If this is a long-running test, pass a timeout value as the last argument or configure it globally with &quot;testTimeout&quot;." type="Error">
Error: Test timed out in 5000ms.
If this is a long-running test, pass a timeout value as the last argument or configure it globally with &quot;testTimeout&quot;.
            </failure>
        </testcase>
        <testcase classname="__tests__/integration/selenium/selenium.test.js" name="login with valid credentials" time="5.015">
            <failure message="Test timed out in 5000ms.
If this is a long-running test, pass a timeout value as the last argument or configure it globally with &quot;testTimeout&quot;." type="Error">
Error: Test timed out in 5000ms.
If this is a long-running test, pass a timeout value as the last argument or configure it globally with &quot;testTimeout&quot;.
            </failure>
        </testcase>
    </testsuite>
</testsuites>
